# JRE version: Java(TM) SE Runtime Environment (8.0_251-b08) (build 1.8.0_251-b08)
# Java VM: Java HotSpot(TM) 64-Bit Server VM (25.251-b08 mixed mode windows-amd64 compressed oops)
Heap:
 PSYoungGen      total 1370112K, used 797411K [0x000000076af00000, 0x00000007bfe00000, 0x00000007c0000000)
  eden space 1348096K, 58% used [0x000000076af00000,0x000000079b1c8e00,0x00000007bd380000)
  from space 22016K, 36% used [0x00000007be880000,0x00000007bf070000,0x00000007bfe00000)
  to   space 21504K, 0% used [0x00000007bd380000,0x00000007bd380000,0x00000007be880000)
 ParOldGen       total 104448K, used 32385K [0x00000006c0c00000, 0x00000006c7200000, 0x000000076af00000)
  object space 104448K, 31% used [0x00000006c0c00000,0x00000006c2ba0780,0x00000006c7200000)
 Metaspace       used 12246K, capacity 12582K, committed 12928K, reserved 1060864K
  class space    used 1453K, capacity 1548K, committed 1664K, reserved 1048576K
GC Heap History (10 events):
Event: 1363.493 GC heap before
{Heap before GC invocations=2726 (full 24):
 PSYoungGen      total 1368576K, used 1359776K [0x000000076af00000, 0x00000007bfe00000, 0x00000007c0000000)
  eden space 1345536K, 100% used [0x000000076af00000,0x00000007bd100000,0x00000007bd100000)
  from space 23040K, 61% used [0x00000007bd100000,0x00000007bdee8000,0x00000007be780000)
  to   space 22016K, 0% used [0x00000007be880000,0x00000007be880000,0x00000007bfe00000)
 ParOldGen       total 104448K, used 31169K [0x00000006c0c00000, 0x00000006c7200000, 0x000000076af00000)
  object space 104448K, 29% used [0x00000006c0c00000,0x00000006c2a70780,0x00000006c7200000)
 Metaspace       used 12242K, capacity 12582K, committed 12928K, reserved 1060864K
  class space    used 1452K, capacity 1548K, committed 1664K, reserved 1048576K
Event: 1363.494 GC heap after
Heap after GC invocations=2726 (full 24):
 PSYoungGen      total 1367552K, used 576K [0x000000076af00000, 0x00000007bfe00000, 0x00000007c0000000)
  eden space 1345536K, 0% used [0x000000076af00000,0x000000076af00000,0x00000007bd100000)
  from space 22016K, 2% used [0x00000007be880000,0x00000007be910000,0x00000007bfe00000)
  to   space 23040K, 0% used [0x00000007bd100000,0x00000007bd100000,0x00000007be780000)
 ParOldGen       total 104448K, used 32049K [0x00000006c0c00000, 0x00000006c7200000, 0x000000076af00000)
  object space 104448K, 30% used [0x00000006c0c00000,0x00000006c2b4c780,0x00000006c7200000)
 Metaspace       used 12242K, capacity 12582K, committed 12928K, reserved 1060864K
  class space    used 1452K, capacity 1548K, committed 1664K, reserved 1048576K
}
Event: 1363.991 GC heap before
{Heap before GC invocations=2727 (full 24):
 PSYoungGen      total 1367552K, used 1346112K [0x000000076af00000, 0x00000007bfe00000, 0x00000007c0000000)
  eden space 1345536K, 100% used [0x000000076af00000,0x00000007bd100000,0x00000007bd100000)
  from space 22016K, 2% used [0x00000007be880000,0x00000007be910000,0x00000007bfe00000)
  to   space 23040K, 0% used [0x00000007bd100000,0x00000007bd100000,0x00000007be780000)
 ParOldGen       total 104448K, used 32049K [0x00000006c0c00000, 0x00000006c7200000, 0x000000076af00000)
  object space 104448K, 30% used [0x00000006c0c00000,0x00000006c2b4c780,0x00000006c7200000)
 Metaspace       used 12242K, capacity 12582K, committed 12928K, reserved 1060864K
  class space    used 1452K, capacity 1548K, committed 1664K, reserved 1048576K
Event: 1363.997 GC heap after
Heap after GC invocations=2727 (full 24):
 PSYoungGen      total 1368576K, used 8896K [0x000000076af00000, 0x00000007bfe00000, 0x00000007c0000000)
  eden space 1345536K, 0% used [0x000000076af00000,0x000000076af00000,0x00000007bd100000)
  from space 23040K, 38% used [0x00000007bd100000,0x00000007bd9b0000,0x00000007be780000)
  to   space 22016K, 0% used [0x00000007be880000,0x00000007be880000,0x00000007bfe00000)
 ParOldGen       total 104448K, used 32065K [0x00000006c0c00000, 0x00000006c7200000, 0x000000076af00000)
  object space 104448K, 30% used [0x00000006c0c00000,0x00000006c2b50780,0x00000006c7200000)
 Metaspace       used 12242K, capacity 12582K, committed 12928K, reserved 1060864K
  class space    used 1452K, capacity 1548K, committed 1664K, reserved 1048576K
}
Event: 1364.491 GC heap before
{Heap before GC invocations=2728 (full 24):
 PSYoungGen      total 1368576K, used 1354432K [0x000000076af00000, 0x00000007bfe00000, 0x00000007c0000000)
  eden space 1345536K, 100% used [0x000000076af00000,0x00000007bd100000,0x00000007bd100000)
  from space 23040K, 38% used [0x00000007bd100000,0x00000007bd9b0000,0x00000007be780000)
  to   space 22016K, 0% used [0x00000007be880000,0x00000007be880000,0x00000007bfe00000)
 ParOldGen       total 104448K, used 32065K [0x00000006c0c00000, 0x00000006c7200000, 0x000000076af00000)
  object space 104448K, 30% used [0x00000006c0c00000,0x00000006c2b50780,0x00000006c7200000)
 Metaspace       used 12242K, capacity 12582K, committed 12928K, reserved 1060864K
  class space    used 1452K, capacity 1548K, committed 1664K, reserved 1048576K
Event: 1364.501 GC heap after
Heap after GC invocations=2728 (full 24):
 PSYoungGen      total 1367552K, used 14144K [0x000000076af00000, 0x00000007bfe00000, 0x00000007c0000000)
  eden space 1345536K, 0% used [0x000000076af00000,0x000000076af00000,0x00000007bd100000)
  from space 22016K, 64% used [0x00000007be880000,0x00000007bf650000,0x00000007bfe00000)
  to   space 23040K, 0% used [0x00000007bd100000,0x00000007bd100000,0x00000007be780000)
 ParOldGen       total 104448K, used 32145K [0x00000006c0c00000, 0x00000006c7200000, 0x000000076af00000)
  object space 104448K, 30% used [0x00000006c0c00000,0x00000006c2b64780,0x00000006c7200000)
 Metaspace       used 12242K, capacity 12582K, committed 12928K, reserved 1060864K
  class space    used 1452K, capacity 1548K, committed 1664K, reserved 1048576K
}
Event: 1365.009 GC heap before
{Heap before GC invocations=2729 (full 24):
 PSYoungGen      total 1367552K, used 1359680K [0x000000076af00000, 0x00000007bfe00000, 0x00000007c0000000)
  eden space 1345536K, 100% used [0x000000076af00000,0x00000007bd100000,0x00000007bd100000)
  from space 22016K, 64% used [0x00000007be880000,0x00000007bf650000,0x00000007bfe00000)
  to   space 23040K, 0% used [0x00000007bd100000,0x00000007bd100000,0x00000007be780000)
 ParOldGen       total 104448K, used 32145K [0x00000006c0c00000, 0x00000006c7200000, 0x000000076af00000)
  object space 104448K, 30% used [0x00000006c0c00000,0x00000006c2b64780,0x00000006c7200000)
 Metaspace       used 12242K, capacity 12582K, committed 12928K, reserved 1060864K
  class space    used 1452K, capacity 1548K, committed 1664K, reserved 1048576K
Event: 1365.009 GC heap after
Heap after GC invocations=2729 (full 24):
 PSYoungGen      total 1368576K, used 704K [0x000000076af00000, 0x00000007bfe00000, 0x00000007c0000000)
  eden space 1345536K, 0% used [0x000000076af00000,0x000000076af00000,0x00000007bd100000)
  from space 23040K, 3% used [0x00000007bd100000,0x00000007bd1b0000,0x00000007be780000)
  to   space 22016K, 0% used [0x00000007be880000,0x00000007be880000,0x00000007bfe00000)
 ParOldGen       total 104448K, used 32337K [0x00000006c0c00000, 0x00000006c7200000, 0x000000076af00000)
  object space 104448K, 30% used [0x00000006c0c00000,0x00000006c2b94780,0x00000006c7200000)
 Metaspace       used 12242K, capacity 12582K, committed 12928K, reserved 1060864K
  class space    used 1452K, capacity 1548K, committed 1664K, reserved 1048576K
}
Event: 1365.485 GC heap before
{Heap before GC invocations=2730 (full 24):
 PSYoungGen      total 1368576K, used 1346240K [0x000000076af00000, 0x00000007bfe00000, 0x00000007c0000000)
  eden space 1345536K, 100% used [0x000000076af00000,0x00000007bd100000,0x00000007bd100000)
  from space 23040K, 3% used [0x00000007bd100000,0x00000007bd1b0000,0x00000007be780000)
  to   space 22016K, 0% used [0x00000007be880000,0x00000007be880000,0x00000007bfe00000)
 ParOldGen       total 104448K, used 32337K [0x00000006c0c00000, 0x00000006c7200000, 0x000000076af00000)
  object space 104448K, 30% used [0x00000006c0c00000,0x00000006c2b94780,0x00000006c7200000)
 Metaspace       used 12242K, capacity 12582K, committed 12928K, reserved 1060864K
  class space    used 1452K, capacity 1548K, committed 1664K, reserved 1048576K
Event: 1365.490 GC heap after
Heap after GC invocations=2730 (full 24):
 PSYoungGen      total 1370112K, used 8128K [0x000000076af00000, 0x00000007bfe00000, 0x00000007c0000000)
  eden space 1348096K, 0% used [0x000000076af00000,0x000000076af00000,0x00000007bd380000)
  from space 22016K, 36% used [0x00000007be880000,0x00000007bf070000,0x00000007bfe00000)
  to   space 21504K, 0% used [0x00000007bd380000,0x00000007bd380000,0x00000007be880000)
 ParOldGen       total 104448K, used 32385K [0x00000006c0c00000, 0x00000006c7200000, 0x000000076af00000)
  object space 104448K, 31% used [0x00000006c0c00000,0x00000006c2ba0780,0x00000006c7200000)
 Metaspace       used 12242K, capacity 12582K, committed 12928K, reserved 1060864K
  class space    used 1452K, capacity 1548K, committed 1664K, reserved 1048576K
}

